<?xml version="1.0" encoding="UTF-8" standalone="yes"?><!DOCTYPE report PUBLIC "-//JACOCO//DTD Report 1.0//EN" "report.dtd"><report name="JaCoCoverage analysis (powered by JaCoCo from EclEmma)"><sessioninfo id="neon-6b51870" start="1496582495386" dump="1496582496381"/><sessioninfo id="neon-35e1521c" start="1496582496636" dump="1496582497422"/><sessioninfo id="neon-ad53712a" start="1496582497667" dump="1496582498400"/><package name=""><class name="PrimerjajPoTipu"><method name="&lt;init&gt;" desc="()V" line="25"><counter type="INSTRUCTION" missed="0" covered="3"/><counter type="LINE" missed="0" covered="1"/><counter type="COMPLEXITY" missed="0" covered="1"/><counter type="METHOD" missed="0" covered="1"/></method><method name="compare" desc="(Ljava/lang/Comparable;Ljava/lang/Comparable;)I" line="30"><counter type="INSTRUCTION" missed="0" covered="4"/><counter type="LINE" missed="0" covered="1"/><counter type="COMPLEXITY" missed="0" covered="1"/><counter type="METHOD" missed="0" covered="1"/></method><counter type="INSTRUCTION" missed="0" covered="7"/><counter type="LINE" missed="0" covered="2"/><counter type="COMPLEXITY" missed="0" covered="2"/><counter type="METHOD" missed="0" covered="2"/><counter type="CLASS" missed="0" covered="1"/></class><class name="Studenti"><method name="&lt;init&gt;" desc="(Ljava/lang/String;Ljava/lang/String;Ljava/lang/String;D)V" line="22"><counter type="INSTRUCTION" missed="0" covered="15"/><counter type="LINE" missed="0" covered="6"/><counter type="COMPLEXITY" missed="0" covered="1"/><counter type="METHOD" missed="0" covered="1"/></method><method name="getIme" desc="()Ljava/lang/String;" line="31"><counter type="INSTRUCTION" missed="0" covered="3"/><counter type="LINE" missed="0" covered="1"/><counter type="COMPLEXITY" missed="0" covered="1"/><counter type="METHOD" missed="0" covered="1"/></method><method name="setIme" desc="(Ljava/lang/String;)V" line="36"><counter type="INSTRUCTION" missed="0" covered="4"/><counter type="LINE" missed="0" covered="2"/><counter type="COMPLEXITY" missed="0" covered="1"/><counter type="METHOD" missed="0" covered="1"/></method><method name="getPriimek" desc="()Ljava/lang/String;" line="41"><counter type="INSTRUCTION" missed="0" covered="3"/><counter type="LINE" missed="0" covered="1"/><counter type="COMPLEXITY" missed="0" covered="1"/><counter type="METHOD" missed="0" covered="1"/></method><method name="setPriimek" desc="(Ljava/lang/String;)V" line="46"><counter type="INSTRUCTION" missed="0" covered="4"/><counter type="LINE" missed="0" covered="2"/><counter type="COMPLEXITY" missed="0" covered="1"/><counter type="METHOD" missed="0" covered="1"/></method><method name="getID" desc="()Ljava/lang/String;" line="51"><counter type="INSTRUCTION" missed="0" covered="3"/><counter type="LINE" missed="0" covered="1"/><counter type="COMPLEXITY" missed="0" covered="1"/><counter type="METHOD" missed="0" covered="1"/></method><method name="setID" desc="(Ljava/lang/String;)V" line="56"><counter type="INSTRUCTION" missed="0" covered="4"/><counter type="LINE" missed="0" covered="2"/><counter type="COMPLEXITY" missed="0" covered="1"/><counter type="METHOD" missed="0" covered="1"/></method><method name="getAvgGrade" desc="()D" line="61"><counter type="INSTRUCTION" missed="0" covered="3"/><counter type="LINE" missed="0" covered="1"/><counter type="COMPLEXITY" missed="0" covered="1"/><counter type="METHOD" missed="0" covered="1"/></method><method name="setAvgGrade" desc="(F)V" line="66"><counter type="INSTRUCTION" missed="0" covered="5"/><counter type="LINE" missed="0" covered="2"/><counter type="COMPLEXITY" missed="0" covered="1"/><counter type="METHOD" missed="0" covered="1"/></method><method name="toString" desc="()Ljava/lang/String;" line="72"><counter type="INSTRUCTION" missed="0" covered="23"/><counter type="LINE" missed="0" covered="1"/><counter type="COMPLEXITY" missed="0" covered="1"/><counter type="METHOD" missed="0" covered="1"/></method><counter type="INSTRUCTION" missed="0" covered="67"/><counter type="LINE" missed="0" covered="19"/><counter type="COMPLEXITY" missed="0" covered="10"/><counter type="METHOD" missed="0" covered="10"/><counter type="CLASS" missed="0" covered="1"/></class><class name="SeznamiUV"><method name="&lt;init&gt;" desc="()V" line="17"><counter type="INSTRUCTION" missed="0" covered="11"/><counter type="LINE" missed="0" covered="3"/><counter type="COMPLEXITY" missed="0" covered="1"/><counter type="METHOD" missed="0" covered="1"/></method><method name="promptUserToAdd" desc="()LStudenti;" line="21"><counter type="INSTRUCTION" missed="119" covered="0"/><counter type="BRANCH" missed="14" covered="0"/><counter type="LINE" missed="33" covered="0"/><counter type="COMPLEXITY" missed="8" covered="0"/><counter type="METHOD" missed="1" covered="0"/></method><method name="promptUserToDelete" desc="()Ljava/lang/String;" line="63"><counter type="INSTRUCTION" missed="67" covered="0"/><counter type="BRANCH" missed="6" covered="0"/><counter type="LINE" missed="18" covered="0"/><counter type="COMPLEXITY" missed="4" covered="0"/><counter type="METHOD" missed="1" covered="0"/></method><method name="promptUserToSearch" desc="()Ljava/lang/String;" line="90"><counter type="INSTRUCTION" missed="67" covered="0"/><counter type="BRANCH" missed="6" covered="0"/><counter type="LINE" missed="18" covered="0"/><counter type="COMPLEXITY" missed="4" covered="0"/><counter type="METHOD" missed="1" covered="0"/></method><method name="assemblePrint" desc="()Ljava/lang/String;" line="117"><counter type="INSTRUCTION" missed="75" covered="0"/><counter type="BRANCH" missed="4" covered="0"/><counter type="LINE" missed="11" covered="0"/><counter type="COMPLEXITY" missed="3" covered="0"/><counter type="METHOD" missed="1" covered="0"/></method><method name="promptUserReset" desc="()Ljava/lang/String;" line="139"><counter type="INSTRUCTION" missed="30" covered="0"/><counter type="BRANCH" missed="4" covered="0"/><counter type="LINE" missed="8" covered="0"/><counter type="COMPLEXITY" missed="3" covered="0"/><counter type="METHOD" missed="1" covered="0"/></method><method name="processInput" desc="(Ljava/lang/String;)Ljava/lang/String;" line="156"><counter type="INSTRUCTION" missed="108" covered="219"/><counter type="BRANCH" missed="27" covered="35"/><counter type="LINE" missed="38" covered="53"/><counter type="COMPLEXITY" missed="19" covered="13"/><counter type="METHOD" missed="0" covered="1"/></method><method name="&lt;clinit&gt;" desc="()V" line="15"><counter type="INSTRUCTION" missed="0" covered="3"/><counter type="LINE" missed="0" covered="1"/><counter type="COMPLEXITY" missed="0" covered="1"/><counter type="METHOD" missed="0" covered="1"/></method><counter type="INSTRUCTION" missed="466" covered="233"/><counter type="BRANCH" missed="61" covered="35"/><counter type="LINE" missed="126" covered="57"/><counter type="COMPLEXITY" missed="41" covered="15"/><counter type="METHOD" missed="5" covered="3"/><counter type="CLASS" missed="0" covered="1"/></class><class name="Drevo23"><method name="print" desc="()V" line="57"><counter type="INSTRUCTION" missed="0" covered="15"/><counter type="BRANCH" missed="0" covered="2"/><counter type="LINE" missed="0" covered="4"/><counter type="COMPLEXITY" missed="0" covered="2"/><counter type="METHOD" missed="0" covered="1"/></method><method name="&lt;init&gt;" desc="(Ljava/util/Comparator;)V" line="82"><counter type="INSTRUCTION" missed="0" covered="9"/><counter type="LINE" missed="0" covered="4"/><counter type="COMPLEXITY" missed="0" covered="1"/><counter type="METHOD" missed="0" covered="1"/></method><method name="get_root_node" desc="()LDrevo23$Node23;" line="88"><counter type="INSTRUCTION" missed="0" covered="3"/><counter type="LINE" missed="0" covered="1"/><counter type="COMPLEXITY" missed="0" covered="1"/><counter type="METHOD" missed="0" covered="1"/></method><method name="isLeaf" desc="()Z" line="91"><counter type="INSTRUCTION" missed="0" covered="16"/><counter type="BRANCH" missed="2" covered="4"/><counter type="LINE" missed="0" covered="1"/><counter type="COMPLEXITY" missed="2" covered="2"/><counter type="METHOD" missed="0" covered="1"/></method><method name="save" desc="(Ljava/io/OutputStream;)V" line="97"><counter type="INSTRUCTION" missed="0" covered="8"/><counter type="LINE" missed="0" covered="3"/><counter type="COMPLEXITY" missed="0" covered="1"/><counter type="METHOD" missed="0" covered="1"/></method><method name="save" desc="(LDrevo23$Node23;Ljava/io/OutputStream;)V" line="102"><counter type="INSTRUCTION" missed="0" covered="52"/><counter type="BRANCH" missed="0" covered="4"/><counter type="LINE" missed="0" covered="11"/><counter type="COMPLEXITY" missed="0" covered="3"/><counter type="METHOD" missed="0" covered="1"/></method><method name="parseArgumentsToTree" desc="([Ljava/lang/String;)V" line="121"><counter type="INSTRUCTION" missed="0" covered="59"/><counter type="BRANCH" missed="2" covered="6"/><counter type="LINE" missed="0" covered="7"/><counter type="COMPLEXITY" missed="2" covered="3"/><counter type="METHOD" missed="0" covered="1"/></method><method name="restore" desc="(Ljava/io/InputStream;)V" line="137"><counter type="INSTRUCTION" missed="1" covered="22"/><counter type="BRANCH" missed="1" covered="1"/><counter type="LINE" missed="0" covered="5"/><counter type="COMPLEXITY" missed="1" covered="1"/><counter type="METHOD" missed="0" covered="1"/></method><method name="addUpper" desc="(Ljava/lang/Object;)V" line="149"><counter type="INSTRUCTION" missed="0" covered="36"/><counter type="BRANCH" missed="2" covered="4"/><counter type="LINE" missed="0" covered="7"/><counter type="COMPLEXITY" missed="2" covered="2"/><counter type="METHOD" missed="0" covered="1"/></method><method name="split" desc="(Ljava/lang/Object;)LDrevo23$Node23;" line="161"><counter type="INSTRUCTION" missed="0" covered="290"/><counter type="BRANCH" missed="1" covered="7"/><counter type="LINE" missed="0" covered="53"/><counter type="COMPLEXITY" missed="1" covered="4"/><counter type="METHOD" missed="0" covered="1"/></method><method name="add" desc="(Ljava/lang/Object;)V" line="272"><counter type="INSTRUCTION" missed="0" covered="603"/><counter type="BRANCH" missed="12" covered="64"/><counter type="LINE" missed="0" covered="130"/><counter type="COMPLEXITY" missed="12" covered="27"/><counter type="METHOD" missed="0" covered="1"/></method><method name="removeFirst" desc="()Ljava/lang/Object;" line="493"><counter type="INSTRUCTION" missed="0" covered="12"/><counter type="BRANCH" missed="0" covered="2"/><counter type="LINE" missed="0" covered="3"/><counter type="COMPLEXITY" missed="0" covered="2"/><counter type="METHOD" missed="0" covered="1"/></method><method name="getFirst" desc="()Ljava/lang/Object;" line="501"><counter type="INSTRUCTION" missed="0" covered="11"/><counter type="BRANCH" missed="0" covered="2"/><counter type="LINE" missed="0" covered="2"/><counter type="COMPLEXITY" missed="0" covered="2"/><counter type="METHOD" missed="0" covered="1"/></method><method name="size" desc="()I" line="507"><counter type="INSTRUCTION" missed="0" covered="70"/><counter type="BRANCH" missed="0" covered="10"/><counter type="LINE" missed="0" covered="20"/><counter type="COMPLEXITY" missed="0" covered="6"/><counter type="METHOD" missed="0" covered="1"/></method><method name="depth" desc="()I" line="541"><counter type="INSTRUCTION" missed="0" covered="47"/><counter type="BRANCH" missed="0" covered="8"/><counter type="LINE" missed="0" covered="15"/><counter type="COMPLEXITY" missed="0" covered="5"/><counter type="METHOD" missed="0" covered="1"/></method><method name="isEmpty" desc="()Z" line="566"><counter type="INSTRUCTION" missed="0" covered="7"/><counter type="BRANCH" missed="0" covered="2"/><counter type="LINE" missed="0" covered="1"/><counter type="COMPLEXITY" missed="0" covered="2"/><counter type="METHOD" missed="0" covered="1"/></method><method name="reset" desc="()V" line="569"><counter type="INSTRUCTION" missed="0" covered="4"/><counter type="LINE" missed="0" covered="2"/><counter type="COMPLEXITY" missed="0" covered="1"/><counter type="METHOD" missed="0" covered="1"/></method><method name="remove" desc="(Ljava/lang/Object;)Ljava/lang/Object;" line="574"><counter type="INSTRUCTION" missed="0" covered="198"/><counter type="BRANCH" missed="5" covered="29"/><counter type="LINE" missed="0" covered="46"/><counter type="COMPLEXITY" missed="5" covered="13"/><counter type="METHOD" missed="0" covered="1"/></method><method name="fixNode" desc="()V" line="658"><counter type="INSTRUCTION" missed="0" covered="186"/><counter type="BRANCH" missed="3" covered="33"/><counter type="LINE" missed="0" covered="28"/><counter type="COMPLEXITY" missed="3" covered="16"/><counter type="METHOD" missed="0" covered="1"/></method><method name="exists" desc="(Ljava/lang/Object;)Z" line="701"><counter type="INSTRUCTION" missed="0" covered="112"/><counter type="BRANCH" missed="0" covered="20"/><counter type="LINE" missed="0" covered="32"/><counter type="COMPLEXITY" missed="0" covered="11"/><counter type="METHOD" missed="0" covered="1"/></method><method name="search" desc="(Ljava/lang/Object;)Ljava/lang/Object;" line="747"><counter type="INSTRUCTION" missed="0" covered="128"/><counter type="BRANCH" missed="0" covered="22"/><counter type="LINE" missed="0" covered="35"/><counter type="COMPLEXITY" missed="0" covered="12"/><counter type="METHOD" missed="0" covered="1"/></method><method name="asList" desc="()Ljava/util/List;" line="799"><counter type="INSTRUCTION" missed="0" covered="88"/><counter type="BRANCH" missed="0" covered="10"/><counter type="LINE" missed="0" covered="21"/><counter type="COMPLEXITY" missed="0" covered="6"/><counter type="METHOD" missed="0" covered="1"/></method><counter type="INSTRUCTION" missed="1" covered="1976"/><counter type="BRANCH" missed="28" covered="230"/><counter type="LINE" missed="0" covered="431"/><counter type="COMPLEXITY" missed="28" covered="123"/><counter type="METHOD" missed="0" covered="22"/><counter type="CLASS" missed="0" covered="1"/></class><class name="StudentPrimerjajPoImenu"><method name="&lt;init&gt;" desc="()V" line="34"><counter type="INSTRUCTION" missed="0" covered="3"/><counter type="LINE" missed="0" covered="1"/><counter type="COMPLEXITY" missed="0" covered="1"/><counter type="METHOD" missed="0" covered="1"/></method><method name="compare" desc="(LStudenti;LStudenti;)I" line="39"><counter type="INSTRUCTION" missed="0" covered="44"/><counter type="BRANCH" missed="0" covered="4"/><counter type="LINE" missed="0" covered="9"/><counter type="COMPLEXITY" missed="0" covered="3"/><counter type="METHOD" missed="0" covered="1"/></method><counter type="INSTRUCTION" missed="0" covered="47"/><counter type="BRANCH" missed="0" covered="4"/><counter type="LINE" missed="0" covered="10"/><counter type="COMPLEXITY" missed="0" covered="4"/><counter type="METHOD" missed="0" covered="2"/><counter type="CLASS" missed="0" covered="1"/></class><class name="Drevo23$Node23"><method name="&lt;init&gt;" desc="(LDrevo23;Ljava/lang/Object;)V" line="70"><counter type="INSTRUCTION" missed="0" covered="24"/><counter type="LINE" missed="0" covered="8"/><counter type="COMPLEXITY" missed="0" covered="1"/><counter type="METHOD" missed="0" covered="1"/></method><counter type="INSTRUCTION" missed="0" covered="24"/><counter type="LINE" missed="0" covered="8"/><counter type="COMPLEXITY" missed="0" covered="1"/><counter type="METHOD" missed="0" covered="1"/><counter type="CLASS" missed="0" covered="1"/></class><class name="Student"><method name="&lt;init&gt;" desc="()V" line="16"><counter type="INSTRUCTION" missed="3" covered="0"/><counter type="LINE" missed="1" covered="0"/><counter type="COMPLEXITY" missed="1" covered="0"/><counter type="METHOD" missed="1" covered="0"/></method><method name="main" desc="([Ljava/lang/String;)V" line="19"><counter type="INSTRUCTION" missed="37" covered="0"/><counter type="BRANCH" missed="2" covered="0"/><counter type="LINE" missed="12" covered="0"/><counter type="COMPLEXITY" missed="2" covered="0"/><counter type="METHOD" missed="1" covered="0"/></method><counter type="INSTRUCTION" missed="40" covered="0"/><counter type="BRANCH" missed="2" covered="0"/><counter type="LINE" missed="13" covered="0"/><counter type="COMPLEXITY" missed="3" covered="0"/><counter type="METHOD" missed="2" covered="0"/><counter type="CLASS" missed="1" covered="0"/></class><class name="SeznamiUV$1"><method name="&lt;init&gt;" desc="(LSeznamiUV;)V" line="126"><counter type="INSTRUCTION" missed="6" covered="0"/><counter type="LINE" missed="1" covered="0"/><counter type="COMPLEXITY" missed="1" covered="0"/><counter type="METHOD" missed="1" covered="0"/></method><method name="compare" desc="(LStudenti;LStudenti;)I" line="129"><counter type="INSTRUCTION" missed="6" covered="0"/><counter type="LINE" missed="1" covered="0"/><counter type="COMPLEXITY" missed="1" covered="0"/><counter type="METHOD" missed="1" covered="0"/></method><counter type="INSTRUCTION" missed="12" covered="0"/><counter type="LINE" missed="2" covered="0"/><counter type="COMPLEXITY" missed="2" covered="0"/><counter type="METHOD" missed="2" covered="0"/><counter type="CLASS" missed="1" covered="0"/></class><sourcefile name="Student.java"><line nr="16" mi="3" ci="0" mb="0" cb="0"/><line nr="19" mi="4" ci="0" mb="0" cb="0"/><line nr="20" mi="8" ci="0" mb="0" cb="0"/><line nr="25" mi="3" ci="0" mb="0" cb="0"/><line nr="26" mi="3" ci="0" mb="0" cb="0"/><line nr="27" mi="4" ci="0" mb="0" cb="0"/><line nr="28" mi="3" ci="0" mb="0" cb="0"/><line nr="30" mi="4" ci="0" mb="2" cb="0"/><line nr="32" mi="1" ci="0" mb="0" cb="0"/><line nr="33" mi="3" ci="0" mb="0" cb="0"/><line nr="34" mi="2" ci="0" mb="0" cb="0"/><line nr="35" mi="1" ci="0" mb="0" cb="0"/><line nr="36" mi="1" ci="0" mb="0" cb="0"/><counter type="INSTRUCTION" missed="40" covered="0"/><counter type="BRANCH" missed="2" covered="0"/><counter type="LINE" missed="13" covered="0"/><counter type="COMPLEXITY" missed="3" covered="0"/><counter type="METHOD" missed="2" covered="0"/><counter type="CLASS" missed="1" covered="0"/></sourcefile><sourcefile name="Studenti.java"><line nr="22" mi="0" ci="2" mb="0" cb="0"/><line nr="23" mi="0" ci="3" mb="0" cb="0"/><line nr="24" mi="0" ci="3" mb="0" cb="0"/><line nr="25" mi="0" ci="3" mb="0" cb="0"/><line nr="26" mi="0" ci="3" mb="0" cb="0"/><line nr="27" mi="0" ci="1" mb="0" cb="0"/><line nr="31" mi="0" ci="3" mb="0" cb="0"/><line nr="36" mi="0" ci="3" mb="0" cb="0"/><line nr="37" mi="0" ci="1" mb="0" cb="0"/><line nr="41" mi="0" ci="3" mb="0" cb="0"/><line nr="46" mi="0" ci="3" mb="0" cb="0"/><line nr="47" mi="0" ci="1" mb="0" cb="0"/><line nr="51" mi="0" ci="3" mb="0" cb="0"/><line nr="56" mi="0" ci="3" mb="0" cb="0"/><line nr="57" mi="0" ci="1" mb="0" cb="0"/><line nr="61" mi="0" ci="3" mb="0" cb="0"/><line nr="66" mi="0" ci="4" mb="0" cb="0"/><line nr="67" mi="0" ci="1" mb="0" cb="0"/><line nr="72" mi="0" ci="23" mb="0" cb="0"/><counter type="INSTRUCTION" missed="0" covered="67"/><counter type="LINE" missed="0" covered="19"/><counter type="COMPLEXITY" missed="0" covered="10"/><counter type="METHOD" missed="0" covered="10"/><counter type="CLASS" missed="0" covered="1"/></sourcefile><sourcefile name="SeznamiUV.java"><line nr="15" mi="0" ci="3" mb="0" cb="0"/><line nr="17" mi="0" ci="2" mb="0" cb="0"/><line nr="18" mi="0" ci="8" mb="0" cb="0"/><line nr="19" mi="0" ci="1" mb="0" cb="0"/><line nr="21" mi="2" ci="0" mb="0" cb="0"/><line nr="22" mi="2" ci="0" mb="0" cb="0"/><line nr="23" mi="2" ci="0" mb="0" cb="0"/><line nr="24" mi="2" ci="0" mb="0" cb="0"/><line nr="26" mi="8" ci="0" mb="0" cb="0"/><line nr="27" mi="3" ci="0" mb="0" cb="0"/><line nr="28" mi="3" ci="0" mb="0" cb="0"/><line nr="29" mi="4" ci="0" mb="2" cb="0"/><line nr="30" mi="2" ci="0" mb="0" cb="0"/><line nr="33" mi="4" ci="0" mb="2" cb="0"/><line nr="34" mi="2" ci="0" mb="0" cb="0"/><line nr="36" mi="2" ci="0" mb="0" cb="0"/><line nr="37" mi="8" ci="0" mb="0" cb="0"/><line nr="38" mi="3" ci="0" mb="0" cb="0"/><line nr="39" mi="3" ci="0" mb="0" cb="0"/><line nr="40" mi="4" ci="0" mb="2" cb="0"/><line nr="41" mi="2" ci="0" mb="0" cb="0"/><line nr="43" mi="2" ci="0" mb="0" cb="0"/><line nr="44" mi="8" ci="0" mb="0" cb="0"/><line nr="45" mi="3" ci="0" mb="0" cb="0"/><line nr="46" mi="3" ci="0" mb="0" cb="0"/><line nr="47" mi="4" ci="0" mb="2" cb="0"/><line nr="48" mi="2" ci="0" mb="0" cb="0"/><line nr="50" mi="2" ci="0" mb="0" cb="0"/><line nr="51" mi="8" ci="0" mb="0" cb="0"/><line nr="52" mi="3" ci="0" mb="0" cb="0"/><line nr="53" mi="3" ci="0" mb="0" cb="0"/><line nr="54" mi="4" ci="0" mb="2" cb="0"/><line nr="55" mi="4" ci="0" mb="2" cb="0"/><line nr="56" mi="4" ci="0" mb="2" cb="0"/><line nr="57" mi="2" ci="0" mb="0" cb="0"/><line nr="59" mi="3" ci="0" mb="0" cb="0"/><line nr="60" mi="8" ci="0" mb="0" cb="0"/><line nr="63" mi="2" ci="0" mb="0" cb="0"/><line nr="64" mi="2" ci="0" mb="0" cb="0"/><line nr="67" mi="8" ci="0" mb="0" cb="0"/><line nr="68" mi="3" ci="0" mb="0" cb="0"/><line nr="69" mi="3" ci="0" mb="0" cb="0"/><line nr="70" mi="4" ci="0" mb="2" cb="0"/><line nr="71" mi="2" ci="0" mb="0" cb="0"/><line nr="73" mi="2" ci="0" mb="0" cb="0"/><line nr="74" mi="8" ci="0" mb="0" cb="0"/><line nr="75" mi="3" ci="0" mb="0" cb="0"/><line nr="76" mi="3" ci="0" mb="0" cb="0"/><line nr="77" mi="4" ci="0" mb="2" cb="0"/><line nr="78" mi="2" ci="0" mb="0" cb="0"/><line nr="80" mi="2" ci="0" mb="0" cb="0"/><line nr="81" mi="12" ci="0" mb="0" cb="0"/><line nr="82" mi="2" ci="0" mb="2" cb="0"/><line nr="83" mi="3" ci="0" mb="0" cb="0"/><line nr="86" mi="2" ci="0" mb="0" cb="0"/><line nr="90" mi="2" ci="0" mb="0" cb="0"/><line nr="91" mi="2" ci="0" mb="0" cb="0"/><line nr="94" mi="8" ci="0" mb="0" cb="0"/><line nr="95" mi="3" ci="0" mb="0" cb="0"/><line nr="96" mi="3" ci="0" mb="0" cb="0"/><line nr="97" mi="4" ci="0" mb="2" cb="0"/><line nr="98" mi="2" ci="0" mb="0" cb="0"/><line nr="100" mi="2" ci="0" mb="0" cb="0"/><line nr="101" mi="8" ci="0" mb="0" cb="0"/><line nr="102" mi="3" ci="0" mb="0" cb="0"/><line nr="103" mi="3" ci="0" mb="0" cb="0"/><line nr="104" mi="4" ci="0" mb="2" cb="0"/><line nr="105" mi="2" ci="0" mb="0" cb="0"/><line nr="107" mi="2" ci="0" mb="0" cb="0"/><line nr="108" mi="12" ci="0" mb="0" cb="0"/><line nr="109" mi="2" ci="0" mb="2" cb="0"/><line nr="110" mi="3" ci="0" mb="0" cb="0"/><line nr="113" mi="2" ci="0" mb="0" cb="0"/><line nr="117" mi="2" ci="0" mb="0" cb="0"/><line nr="119" mi="4" ci="0" mb="0" cb="0"/><line nr="120" mi="2" ci="0" mb="2" cb="0"/><line nr="121" mi="2" ci="0" mb="0" cb="0"/><line nr="123" mi="13" ci="0" mb="0" cb="0"/><line nr="125" mi="4" ci="0" mb="0" cb="0"/><line nr="126" mi="12" ci="0" mb="0" cb="0"/><line nr="129" mi="6" ci="0" mb="0" cb="0"/><line nr="133" mi="10" ci="0" mb="2" cb="0"/><line nr="134" mi="29" ci="0" mb="0" cb="0"/><line nr="135" mi="1" ci="0" mb="0" cb="0"/><line nr="136" mi="2" ci="0" mb="0" cb="0"/><line nr="139" mi="8" ci="0" mb="0" cb="0"/><line nr="141" mi="3" ci="0" mb="0" cb="0"/><line nr="142" mi="3" ci="0" mb="0" cb="0"/><line nr="143" mi="4" ci="0" mb="2" cb="0"/><line nr="144" mi="4" ci="0" mb="0" cb="0"/><line nr="146" mi="4" ci="0" mb="2" cb="0"/><line nr="147" mi="2" ci="0" mb="0" cb="0"/><line nr="149" mi="2" ci="0" mb="0" cb="0"/><line nr="156" mi="0" ci="2" mb="0" cb="0"/><line nr="157" mi="0" ci="4" mb="0" cb="0"/><line nr="160" mi="0" ci="9" mb="1" cb="3"/><line nr="161" mi="0" ci="2" mb="0" cb="0"/><line nr="164" mi="0" ci="4" mb="0" cb="0"/><line nr="166" mi="0" ci="4" mb="0" cb="2"/><line nr="167" mi="0" ci="2" mb="0" cb="0"/><line nr="172" mi="0" ci="4" mb="0" cb="2"/><line nr="173" mi="0" ci="8" mb="1" cb="3"/><line nr="174" mi="0" ci="17" mb="0" cb="0"/><line nr="175" mi="0" ci="5" mb="0" cb="2"/><line nr="176" mi="0" ci="4" mb="0" cb="0"/><line nr="177" mi="0" ci="3" mb="0" cb="0"/><line nr="180" mi="0" ci="2" mb="0" cb="0"/><line nr="182" mi="0" ci="1" mb="0" cb="0"/><line nr="184" mi="0" ci="2" mb="0" cb="0"/><line nr="186" mi="0" ci="2" mb="0" cb="0"/><line nr="189" mi="0" ci="4" mb="0" cb="2"/><line nr="190" mi="0" ci="4" mb="0" cb="2"/><line nr="191" mi="0" ci="4" mb="0" cb="0"/><line nr="192" mi="0" ci="4" mb="0" cb="2"/><line nr="193" mi="0" ci="2" mb="0" cb="0"/><line nr="195" mi="0" ci="12" mb="0" cb="0"/><line nr="196" mi="0" ci="2" mb="1" cb="1"/><line nr="197" mi="0" ci="2" mb="0" cb="0"/><line nr="199" mi="1" ci="0" mb="0" cb="0"/><line nr="200" mi="0" ci="4" mb="0" cb="2"/><line nr="201" mi="0" ci="4" mb="0" cb="0"/><line nr="202" mi="0" ci="4" mb="0" cb="2"/><line nr="203" mi="0" ci="2" mb="0" cb="0"/><line nr="205" mi="0" ci="12" mb="0" cb="0"/><line nr="206" mi="0" ci="2" mb="0" cb="2"/><line nr="207" mi="0" ci="3" mb="0" cb="0"/><line nr="210" mi="0" ci="2" mb="0" cb="0"/><line nr="213" mi="0" ci="4" mb="0" cb="2"/><line nr="214" mi="0" ci="4" mb="0" cb="0"/><line nr="215" mi="0" ci="10" mb="0" cb="0"/><line nr="216" mi="0" ci="2" mb="0" cb="0"/><line nr="218" mi="0" ci="4" mb="1" cb="1"/><line nr="219" mi="0" ci="4" mb="0" cb="0"/><line nr="220" mi="0" ci="10" mb="0" cb="0"/><line nr="221" mi="0" ci="2" mb="0" cb="0"/><line nr="224" mi="0" ci="4" mb="1" cb="1"/><line nr="225" mi="0" ci="4" mb="1" cb="1"/><line nr="226" mi="3" ci="0" mb="0" cb="0"/><line nr="227" mi="2" ci="0" mb="2" cb="0"/><line nr="228" mi="2" ci="0" mb="0" cb="0"/><line nr="230" mi="5" ci="0" mb="2" cb="0"/><line nr="231" mi="4" ci="0" mb="0" cb="0"/><line nr="232" mi="3" ci="0" mb="0" cb="0"/><line nr="235" mi="2" ci="0" mb="0" cb="0"/><line nr="237" mi="1" ci="0" mb="0" cb="0"/><line nr="238" mi="0" ci="4" mb="1" cb="1"/><line nr="239" mi="3" ci="0" mb="0" cb="0"/><line nr="241" mi="2" ci="0" mb="2" cb="0"/><line nr="242" mi="2" ci="0" mb="0" cb="0"/><line nr="244" mi="4" ci="0" mb="2" cb="0"/><line nr="245" mi="2" ci="0" mb="0" cb="0"/><line nr="247" mi="2" ci="0" mb="2" cb="0"/><line nr="248" mi="2" ci="0" mb="0" cb="0"/><line nr="251" mi="0" ci="4" mb="1" cb="1"/><line nr="252" mi="3" ci="0" mb="0" cb="0"/><line nr="253" mi="2" ci="0" mb="2" cb="0"/><line nr="254" mi="2" ci="0" mb="0" cb="0"/><line nr="256" mi="4" ci="0" mb="2" cb="0"/><line nr="257" mi="2" ci="0" mb="0" cb="0"/><line nr="260" mi="0" ci="4" mb="1" cb="1"/><line nr="261" mi="3" ci="0" mb="0" cb="0"/><line nr="263" mi="0" ci="4" mb="1" cb="1"/><line nr="264" mi="4" ci="0" mb="0" cb="0"/><line nr="265" mi="9" ci="0" mb="0" cb="0"/><line nr="267" mi="0" ci="4" mb="1" cb="1"/><line nr="268" mi="3" ci="0" mb="0" cb="0"/><line nr="269" mi="2" ci="0" mb="2" cb="0"/><line nr="270" mi="2" ci="0" mb="0" cb="0"/><line nr="272" mi="3" ci="0" mb="0" cb="0"/><line nr="275" mi="0" ci="2" mb="0" cb="0"/><line nr="281" mi="1" ci="0" mb="0" cb="0"/><line nr="282" mi="2" ci="0" mb="0" cb="0"/><line nr="283" mi="0" ci="1" mb="0" cb="0"/><line nr="284" mi="0" ci="2" mb="0" cb="0"/><line nr="285" mi="1" ci="0" mb="0" cb="0"/><line nr="286" mi="2" ci="0" mb="0" cb="0"/><line nr="287" mi="1" ci="0" mb="0" cb="0"/><line nr="288" mi="2" ci="0" mb="0" cb="0"/><line nr="290" mi="1" ci="0" mb="0" cb="0"/><line nr="291" mi="11" ci="0" mb="0" cb="0"/><line nr="292" mi="1" ci="0" mb="0" cb="0"/><line nr="293" mi="4" ci="0" mb="0" cb="0"/><line nr="294" mi="3" ci="2" mb="0" cb="0"/><line nr="296" mi="0" ci="2" mb="0" cb="0"/><counter type="INSTRUCTION" missed="478" covered="233"/><counter type="BRANCH" missed="61" covered="35"/><counter type="LINE" missed="127" covered="57"/><counter type="COMPLEXITY" missed="43" covered="15"/><counter type="METHOD" missed="7" covered="3"/><counter type="CLASS" missed="1" covered="1"/></sourcefile><sourcefile name="Drevo23.java"><line nr="25" mi="0" ci="3" mb="0" cb="0"/><line nr="30" mi="0" ci="4" mb="0" cb="0"/><line nr="34" mi="0" ci="3" mb="0" cb="0"/><line nr="39" mi="0" ci="3" mb="0" cb="0"/><line nr="40" mi="0" ci="3" mb="0" cb="0"/><line nr="41" mi="0" ci="4" mb="0" cb="0"/><line nr="42" mi="0" ci="11" mb="0" cb="0"/><line nr="43" mi="0" ci="11" mb="0" cb="0"/><line nr="44" mi="0" ci="4" mb="0" cb="0"/><line nr="45" mi="0" ci="4" mb="0" cb="4"/><line nr="46" mi="0" ci="2" mb="0" cb="0"/><line nr="48" mi="0" ci="2" mb="0" cb="0"/><line nr="57" mi="0" ci="10" mb="0" cb="2"/><line nr="59" mi="0" ci="3" mb="0" cb="0"/><line nr="60" mi="0" ci="1" mb="0" cb="0"/><line nr="61" mi="0" ci="1" mb="0" cb="0"/><line nr="70" mi="0" ci="5" mb="0" cb="0"/><line nr="71" mi="0" ci="3" mb="0" cb="0"/><line nr="72" mi="0" ci="3" mb="0" cb="0"/><line nr="73" mi="0" ci="3" mb="0" cb="0"/><line nr="74" mi="0" ci="3" mb="0" cb="0"/><line nr="75" mi="0" ci="3" mb="0" cb="0"/><line nr="76" mi="0" ci="3" mb="0" cb="0"/><line nr="78" mi="0" ci="1" mb="0" cb="0"/><line nr="82" mi="0" ci="2" mb="0" cb="0"/><line nr="83" mi="0" ci="3" mb="0" cb="0"/><line nr="84" mi="0" ci="3" mb="0" cb="0"/><line nr="85" mi="0" ci="1" mb="0" cb="0"/><line nr="88" mi="0" ci="3" mb="0" cb="0"/><line nr="91" mi="0" ci="16" mb="2" cb="4"/><line nr="97" mi="0" ci="5" mb="0" cb="0"/><line nr="98" mi="0" ci="2" mb="0" cb="0"/><line nr="99" mi="0" ci="1" mb="0" cb="0"/><line nr="102" mi="0" ci="3" mb="0" cb="2"/><line nr="103" mi="0" ci="1" mb="0" cb="0"/><line nr="105" mi="0" ci="5" mb="0" cb="0"/><line nr="106" mi="0" ci="13" mb="0" cb="0"/><line nr="108" mi="0" ci="6" mb="0" cb="0"/><line nr="109" mi="0" ci="3" mb="0" cb="2"/><line nr="110" mi="0" ci="4" mb="0" cb="0"/><line nr="111" mi="0" ci="6" mb="0" cb="0"/><line nr="114" mi="0" ci="5" mb="0" cb="0"/><line nr="115" mi="0" ci="5" mb="0" cb="0"/><line nr="118" mi="0" ci="1" mb="0" cb="0"/><line nr="121" mi="0" ci="8" mb="0" cb="2"/><line nr="122" mi="0" ci="2" mb="0" cb="0"/><line nr="123" mi="0" ci="16" mb="0" cb="0"/><line nr="124" mi="0" ci="10" mb="2" cb="4"/><line nr="125" mi="0" ci="4" mb="0" cb="0"/><line nr="127" mi="0" ci="18" mb="0" cb="0"/><line nr="132" mi="0" ci="1" mb="0" cb="0"/><line nr="137" mi="0" ci="7" mb="0" cb="0"/><line nr="138" mi="1" ci="7" mb="1" cb="1"/><line nr="139" mi="0" ci="4" mb="0" cb="0"/><line nr="140" mi="0" ci="3" mb="0" cb="0"/><line nr="142" mi="0" ci="1" mb="0" cb="0"/><line nr="149" mi="0" ci="4" mb="1" cb="1"/><line nr="150" mi="0" ci="8" mb="0" cb="2"/><line nr="151" mi="0" ci="6" mb="0" cb="0"/><line nr="152" mi="0" ci="5" mb="0" cb="0"/><line nr="155" mi="0" ci="8" mb="1" cb="1"/><line nr="156" mi="0" ci="4" mb="0" cb="0"/><line nr="159" mi="0" ci="1" mb="0" cb="0"/><line nr="161" mi="0" ci="4" mb="0" cb="0"/><line nr="162" mi="0" ci="2" mb="0" cb="0"/><line nr="164" mi="0" ci="14" mb="0" cb="4"/><line nr="177" mi="0" ci="6" mb="0" cb="0"/><line nr="178" mi="0" ci="7" mb="0" cb="0"/><line nr="179" mi="0" ci="7" mb="0" cb="0"/><line nr="183" mi="0" ci="3" mb="0" cb="0"/><line nr="184" mi="0" ci="3" mb="0" cb="0"/><line nr="187" mi="0" ci="9" mb="0" cb="0"/><line nr="188" mi="0" ci="9" mb="0" cb="0"/><line nr="189" mi="0" ci="4" mb="0" cb="0"/><line nr="190" mi="0" ci="4" mb="0" cb="0"/><line nr="192" mi="0" ci="9" mb="0" cb="0"/><line nr="193" mi="0" ci="9" mb="0" cb="0"/><line nr="194" mi="0" ci="4" mb="0" cb="0"/><line nr="195" mi="0" ci="4" mb="0" cb="0"/><line nr="196" mi="0" ci="3" mb="0" cb="0"/><line nr="197" mi="0" ci="3" mb="0" cb="0"/><line nr="201" mi="0" ci="1" mb="0" cb="0"/><line nr="204" mi="0" ci="7" mb="0" cb="2"/><line nr="217" mi="0" ci="7" mb="0" cb="0"/><line nr="218" mi="0" ci="7" mb="0" cb="0"/><line nr="219" mi="0" ci="6" mb="0" cb="0"/><line nr="223" mi="0" ci="3" mb="0" cb="0"/><line nr="224" mi="0" ci="3" mb="0" cb="0"/><line nr="227" mi="0" ci="9" mb="0" cb="0"/><line nr="228" mi="0" ci="9" mb="0" cb="0"/><line nr="229" mi="0" ci="4" mb="0" cb="0"/><line nr="230" mi="0" ci="4" mb="0" cb="0"/><line nr="232" mi="0" ci="9" mb="0" cb="0"/><line nr="233" mi="0" ci="9" mb="0" cb="0"/><line nr="234" mi="0" ci="4" mb="0" cb="0"/><line nr="235" mi="0" ci="4" mb="0" cb="0"/><line nr="236" mi="0" ci="3" mb="0" cb="0"/><line nr="237" mi="0" ci="3" mb="0" cb="0"/><line nr="239" mi="0" ci="1" mb="0" cb="0"/><line nr="241" mi="0" ci="7" mb="1" cb="1"/><line nr="243" mi="0" ci="7" mb="0" cb="0"/><line nr="244" mi="0" ci="6" mb="0" cb="0"/><line nr="245" mi="0" ci="7" mb="0" cb="0"/><line nr="249" mi="0" ci="3" mb="0" cb="0"/><line nr="250" mi="0" ci="3" mb="0" cb="0"/><line nr="253" mi="0" ci="9" mb="0" cb="0"/><line nr="254" mi="0" ci="9" mb="0" cb="0"/><line nr="255" mi="0" ci="4" mb="0" cb="0"/><line nr="256" mi="0" ci="4" mb="0" cb="0"/><line nr="258" mi="0" ci="9" mb="0" cb="0"/><line nr="259" mi="0" ci="9" mb="0" cb="0"/><line nr="260" mi="0" ci="4" mb="0" cb="0"/><line nr="261" mi="0" ci="4" mb="0" cb="0"/><line nr="262" mi="0" ci="3" mb="0" cb="0"/><line nr="263" mi="0" ci="3" mb="0" cb="0"/><line nr="267" mi="0" ci="2" mb="0" cb="0"/><line nr="272" mi="0" ci="3" mb="0" cb="2"/><line nr="273" mi="0" ci="7" mb="0" cb="0"/><line nr="274" mi="0" ci="1" mb="0" cb="0"/><line nr="276" mi="0" ci="3" mb="0" cb="0"/><line nr="278" mi="0" ci="22" mb="1" cb="5"/><line nr="279" mi="0" ci="2" mb="1" cb="1"/><line nr="280" mi="0" ci="4" mb="0" cb="0"/><line nr="284" mi="0" ci="6" mb="0" cb="4"/><line nr="285" mi="0" ci="8" mb="0" cb="2"/><line nr="286" mi="0" ci="6" mb="0" cb="0"/><line nr="287" mi="0" ci="5" mb="0" cb="0"/><line nr="289" mi="0" ci="8" mb="1" cb="1"/><line nr="290" mi="0" ci="5" mb="0" cb="0"/><line nr="295" mi="0" ci="6" mb="1" cb="3"/><line nr="298" mi="0" ci="4" mb="0" cb="2"/><line nr="299" mi="0" ci="5" mb="0" cb="2"/><line nr="300" mi="0" ci="8" mb="0" cb="2"/><line nr="301" mi="0" ci="4" mb="0" cb="0"/><line nr="302" mi="0" ci="4" mb="0" cb="0"/><line nr="303" mi="0" ci="5" mb="0" cb="0"/><line nr="304" mi="0" ci="1" mb="0" cb="0"/><line nr="306" mi="0" ci="16" mb="1" cb="3"/><line nr="307" mi="0" ci="5" mb="0" cb="0"/><line nr="308" mi="0" ci="1" mb="0" cb="0"/><line nr="312" mi="0" ci="4" mb="0" cb="0"/><line nr="313" mi="0" ci="4" mb="0" cb="0"/><line nr="314" mi="0" ci="5" mb="0" cb="0"/><line nr="315" mi="0" ci="1" mb="0" cb="0"/><line nr="319" mi="0" ci="8" mb="0" cb="2"/><line nr="320" mi="0" ci="4" mb="0" cb="0"/><line nr="321" mi="0" ci="4" mb="0" cb="2"/><line nr="322" mi="0" ci="3" mb="0" cb="0"/><line nr="323" mi="0" ci="5" mb="0" cb="0"/><line nr="324" mi="0" ci="3" mb="0" cb="0"/><line nr="325" mi="0" ci="5" mb="0" cb="2"/><line nr="326" mi="0" ci="11" mb="0" cb="0"/><line nr="327" mi="0" ci="8" mb="0" cb="0"/><line nr="328" mi="0" ci="6" mb="0" cb="0"/><line nr="330" mi="0" ci="5" mb="1" cb="1"/><line nr="331" mi="0" ci="8" mb="0" cb="0"/><line nr="332" mi="0" ci="3" mb="0" cb="0"/><line nr="333" mi="0" ci="4" mb="0" cb="0"/><line nr="337" mi="0" ci="1" mb="0" cb="0"/><line nr="341" mi="0" ci="1" mb="0" cb="0"/><line nr="343" mi="0" ci="8" mb="0" cb="2"/><line nr="344" mi="0" ci="4" mb="0" cb="0"/><line nr="345" mi="0" ci="4" mb="0" cb="2"/><line nr="346" mi="0" ci="3" mb="0" cb="0"/><line nr="347" mi="0" ci="5" mb="0" cb="0"/><line nr="348" mi="0" ci="3" mb="0" cb="0"/><line nr="349" mi="0" ci="5" mb="0" cb="2"/><line nr="350" mi="0" ci="8" mb="0" cb="0"/><line nr="351" mi="0" ci="11" mb="0" cb="0"/><line nr="352" mi="0" ci="6" mb="0" cb="0"/><line nr="354" mi="0" ci="5" mb="1" cb="1"/><line nr="355" mi="0" ci="9" mb="0" cb="0"/><line nr="356" mi="0" ci="3" mb="0" cb="0"/><line nr="357" mi="0" ci="4" mb="0" cb="0"/><line nr="358" mi="0" ci="4" mb="0" cb="0"/><line nr="360" mi="0" ci="1" mb="0" cb="0"/><line nr="363" mi="0" ci="1" mb="0" cb="0"/><line nr="366" mi="0" ci="2" mb="0" cb="0"/><line nr="367" mi="0" ci="4" mb="1" cb="1"/><line nr="368" mi="0" ci="3" mb="0" cb="0"/><line nr="369" mi="0" ci="5" mb="0" cb="0"/><line nr="370" mi="0" ci="3" mb="0" cb="0"/><line nr="372" mi="0" ci="9" mb="0" cb="0"/><line nr="373" mi="0" ci="9" mb="0" cb="0"/><line nr="374" mi="0" ci="3" mb="0" cb="0"/><line nr="375" mi="0" ci="4" mb="0" cb="0"/><line nr="376" mi="0" ci="1" mb="0" cb="0"/><line nr="389" mi="0" ci="6" mb="1" cb="3"/><line nr="390" mi="0" ci="8" mb="0" cb="0"/><line nr="391" mi="0" ci="2" mb="0" cb="2"/><line nr="392" mi="0" ci="4" mb="0" cb="0"/><line nr="393" mi="0" ci="8" mb="0" cb="0"/><line nr="394" mi="0" ci="8" mb="0" cb="0"/><line nr="395" mi="0" ci="4" mb="0" cb="0"/><line nr="396" mi="0" ci="1" mb="0" cb="0"/><line nr="398" mi="0" ci="2" mb="1" cb="1"/><line nr="399" mi="0" ci="4" mb="0" cb="0"/><line nr="400" mi="0" ci="10" mb="0" cb="0"/><line nr="401" mi="0" ci="8" mb="0" cb="0"/><line nr="402" mi="0" ci="6" mb="0" cb="0"/><line nr="403" mi="0" ci="4" mb="0" cb="0"/><line nr="404" mi="0" ci="1" mb="0" cb="0"/><line nr="432" mi="0" ci="8" mb="0" cb="2"/><line nr="433" mi="0" ci="3" mb="0" cb="0"/><line nr="434" mi="0" ci="5" mb="0" cb="0"/><line nr="435" mi="0" ci="3" mb="0" cb="0"/><line nr="436" mi="0" ci="8" mb="0" cb="4"/><line nr="437" mi="0" ci="1" mb="0" cb="0"/><line nr="440" mi="0" ci="3" mb="0" cb="0"/><line nr="441" mi="0" ci="3" mb="0" cb="0"/><line nr="442" mi="0" ci="4" mb="0" cb="0"/><line nr="443" mi="0" ci="6" mb="0" cb="0"/><line nr="444" mi="0" ci="1" mb="0" cb="0"/><line nr="446" mi="0" ci="4" mb="0" cb="2"/><line nr="448" mi="0" ci="8" mb="1" cb="1"/><line nr="449" mi="0" ci="3" mb="0" cb="0"/><line nr="450" mi="0" ci="5" mb="0" cb="0"/><line nr="451" mi="0" ci="3" mb="0" cb="0"/><line nr="452" mi="0" ci="3" mb="0" cb="0"/><line nr="453" mi="0" ci="3" mb="0" cb="0"/><line nr="454" mi="0" ci="4" mb="0" cb="0"/><line nr="455" mi="0" ci="6" mb="0" cb="0"/><line nr="456" mi="0" ci="1" mb="0" cb="0"/><line nr="459" mi="0" ci="8" mb="0" cb="2"/><line nr="460" mi="0" ci="3" mb="0" cb="0"/><line nr="461" mi="0" ci="5" mb="0" cb="0"/><line nr="462" mi="0" ci="3" mb="0" cb="0"/><line nr="463" mi="0" ci="4" mb="0" cb="2"/><line nr="464" mi="0" ci="1" mb="0" cb="0"/><line nr="466" mi="0" ci="3" mb="0" cb="0"/><line nr="467" mi="0" ci="3" mb="0" cb="0"/><line nr="468" mi="0" ci="4" mb="0" cb="0"/><line nr="469" mi="0" ci="6" mb="0" cb="0"/><line nr="470" mi="0" ci="1" mb="0" cb="0"/><line nr="474" mi="0" ci="8" mb="1" cb="1"/><line nr="475" mi="0" ci="3" mb="0" cb="0"/><line nr="476" mi="0" ci="5" mb="0" cb="0"/><line nr="477" mi="0" ci="3" mb="0" cb="0"/><line nr="478" mi="0" ci="4" mb="0" cb="2"/><line nr="479" mi="0" ci="1" mb="0" cb="0"/><line nr="481" mi="0" ci="3" mb="0" cb="0"/><line nr="482" mi="0" ci="3" mb="0" cb="0"/><line nr="483" mi="0" ci="4" mb="0" cb="0"/><line nr="484" mi="0" ci="6" mb="0" cb="0"/><line nr="485" mi="0" ci="1" mb="0" cb="0"/><line nr="489" mi="0" ci="1" mb="0" cb="0"/><line nr="493" mi="0" ci="3" mb="0" cb="2"/><line nr="494" mi="0" ci="4" mb="0" cb="0"/><line nr="496" mi="0" ci="5" mb="0" cb="0"/><line nr="501" mi="0" ci="7" mb="0" cb="2"/><line nr="502" mi="0" ci="4" mb="0" cb="0"/><line nr="507" mi="0" ci="2" mb="0" cb="0"/><line nr="508" mi="0" ci="3" mb="0" cb="0"/><line nr="509" mi="0" ci="3" mb="0" cb="2"/><line nr="510" mi="0" ci="2" mb="0" cb="0"/><line nr="512" mi="0" ci="4" mb="0" cb="2"/><line nr="513" mi="0" ci="2" mb="0" cb="0"/><line nr="516" mi="0" ci="1" mb="0" cb="0"/><line nr="518" mi="0" ci="4" mb="0" cb="2"/><line nr="519" mi="0" ci="5" mb="0" cb="0"/><line nr="520" mi="0" ci="5" mb="0" cb="0"/><line nr="521" mi="0" ci="3" mb="0" cb="0"/><line nr="523" mi="0" ci="4" mb="0" cb="2"/><line nr="524" mi="0" ci="5" mb="0" cb="0"/><line nr="525" mi="0" ci="5" mb="0" cb="0"/><line nr="526" mi="0" ci="3" mb="0" cb="0"/><line nr="529" mi="0" ci="4" mb="0" cb="2"/><line nr="530" mi="0" ci="5" mb="0" cb="0"/><line nr="531" mi="0" ci="5" mb="0" cb="0"/><line nr="532" mi="0" ci="3" mb="0" cb="0"/><line nr="534" mi="0" ci="2" mb="0" cb="0"/><line nr="541" mi="0" ci="3" mb="0" cb="2"/><line nr="542" mi="0" ci="2" mb="0" cb="0"/><line nr="545" mi="0" ci="4" mb="0" cb="2"/><line nr="546" mi="0" ci="2" mb="0" cb="0"/><line nr="548" mi="0" ci="3" mb="0" cb="0"/><line nr="550" mi="0" ci="2" mb="0" cb="0"/><line nr="551" mi="0" ci="3" mb="0" cb="2"/><line nr="552" mi="0" ci="1" mb="0" cb="0"/><line nr="553" mi="0" ci="6" mb="0" cb="0"/><line nr="555" mi="0" ci="3" mb="0" cb="0"/><line nr="556" mi="0" ci="2" mb="0" cb="0"/><line nr="557" mi="0" ci="3" mb="0" cb="2"/><line nr="558" mi="0" ci="1" mb="0" cb="0"/><line nr="559" mi="0" ci="6" mb="0" cb="0"/><line nr="561" mi="0" ci="6" mb="0" cb="0"/><line nr="566" mi="0" ci="7" mb="0" cb="2"/><line nr="569" mi="0" ci="3" mb="0" cb="0"/><line nr="570" mi="0" ci="1" mb="0" cb="0"/><line nr="574" mi="0" ci="3" mb="0" cb="0"/><line nr="575" mi="0" ci="2" mb="0" cb="0"/><line nr="576" mi="0" ci="3" mb="0" cb="2"/><line nr="577" mi="0" ci="2" mb="0" cb="0"/><line nr="579" mi="0" ci="7" mb="1" cb="3"/><line nr="580" mi="0" ci="4" mb="0" cb="0"/><line nr="582" mi="0" ci="8" mb="0" cb="2"/><line nr="583" mi="0" ci="4" mb="0" cb="2"/><line nr="584" mi="0" ci="4" mb="0" cb="0"/><line nr="585" mi="0" ci="4" mb="0" cb="0"/><line nr="586" mi="0" ci="3" mb="0" cb="0"/><line nr="587" mi="0" ci="2" mb="0" cb="0"/><line nr="590" mi="0" ci="4" mb="0" cb="0"/><line nr="591" mi="0" ci="6" mb="0" cb="0"/><line nr="592" mi="0" ci="4" mb="0" cb="0"/><line nr="605" mi="0" ci="2" mb="0" cb="0"/><line nr="608" mi="0" ci="4" mb="0" cb="2"/><line nr="610" mi="0" ci="8" mb="0" cb="2"/><line nr="611" mi="0" ci="4" mb="0" cb="0"/><line nr="612" mi="0" ci="4" mb="0" cb="0"/><line nr="613" mi="0" ci="2" mb="0" cb="0"/><line nr="618" mi="0" ci="8" mb="0" cb="2"/><line nr="619" mi="0" ci="4" mb="1" cb="1"/><line nr="620" mi="0" ci="5" mb="0" cb="0"/><line nr="621" mi="0" ci="4" mb="0" cb="0"/><line nr="622" mi="0" ci="3" mb="0" cb="0"/><line nr="623" mi="0" ci="5" mb="0" cb="2"/><line nr="624" mi="0" ci="4" mb="0" cb="0"/><line nr="626" mi="0" ci="3" mb="0" cb="0"/><line nr="631" mi="0" ci="8" mb="1" cb="1"/><line nr="634" mi="0" ci="15" mb="1" cb="3"/><line nr="636" mi="0" ci="2" mb="0" cb="2"/><line nr="637" mi="0" ci="5" mb="0" cb="0"/><line nr="638" mi="0" ci="4" mb="0" cb="0"/><line nr="639" mi="0" ci="3" mb="0" cb="0"/><line nr="640" mi="0" ci="5" mb="0" cb="2"/><line nr="641" mi="0" ci="4" mb="0" cb="0"/><line nr="643" mi="0" ci="3" mb="0" cb="0"/><line nr="645" mi="0" ci="4" mb="1" cb="1"/><line nr="646" mi="0" ci="5" mb="0" cb="0"/><line nr="647" mi="0" ci="4" mb="0" cb="0"/><line nr="648" mi="0" ci="3" mb="0" cb="0"/><line nr="649" mi="0" ci="5" mb="0" cb="2"/><line nr="650" mi="0" ci="4" mb="0" cb="0"/><line nr="652" mi="0" ci="2" mb="0" cb="0"/><line nr="655" mi="0" ci="2" mb="0" cb="0"/><line nr="658" mi="0" ci="4" mb="1" cb="1"/><line nr="659" mi="0" ci="4" mb="0" cb="2"/><line nr="660" mi="0" ci="13" mb="0" cb="6"/><line nr="662" mi="0" ci="6" mb="0" cb="0"/><line nr="663" mi="0" ci="7" mb="0" cb="0"/><line nr="664" mi="0" ci="5" mb="0" cb="0"/><line nr="666" mi="0" ci="9" mb="0" cb="4"/><line nr="667" mi="0" ci="4" mb="0" cb="0"/><line nr="668" mi="0" ci="7" mb="0" cb="0"/><line nr="669" mi="0" ci="5" mb="0" cb="0"/><line nr="670" mi="0" ci="6" mb="0" cb="0"/><line nr="671" mi="0" ci="4" mb="0" cb="0"/><line nr="673" mi="0" ci="13" mb="0" cb="6"/><line nr="675" mi="0" ci="7" mb="0" cb="0"/><line nr="676" mi="0" ci="5" mb="0" cb="0"/><line nr="678" mi="0" ci="9" mb="0" cb="4"/><line nr="679" mi="0" ci="4" mb="0" cb="0"/><line nr="680" mi="0" ci="7" mb="0" cb="0"/><line nr="681" mi="0" ci="8" mb="0" cb="0"/><line nr="682" mi="0" ci="5" mb="0" cb="0"/><line nr="683" mi="0" ci="6" mb="0" cb="0"/><line nr="684" mi="0" ci="4" mb="0" cb="0"/><line nr="687" mi="0" ci="4" mb="0" cb="2"/><line nr="688" mi="0" ci="22" mb="2" cb="8"/><line nr="691" mi="0" ci="7" mb="0" cb="0"/><line nr="692" mi="0" ci="6" mb="0" cb="0"/><line nr="693" mi="0" ci="4" mb="0" cb="0"/><line nr="697" mi="0" ci="1" mb="0" cb="0"/><line nr="701" mi="0" ci="3" mb="0" cb="0"/><line nr="702" mi="0" ci="3" mb="0" cb="2"/><line nr="703" mi="0" ci="2" mb="0" cb="0"/><line nr="706" mi="0" ci="8" mb="0" cb="2"/><line nr="707" mi="0" ci="3" mb="0" cb="0"/><line nr="708" mi="0" ci="2" mb="0" cb="0"/><line nr="710" mi="0" ci="4" mb="0" cb="2"/><line nr="711" mi="0" ci="8" mb="0" cb="2"/><line nr="712" mi="0" ci="3" mb="0" cb="0"/><line nr="713" mi="0" ci="2" mb="0" cb="0"/><line nr="716" mi="0" ci="4" mb="0" cb="2"/><line nr="717" mi="0" ci="3" mb="0" cb="0"/><line nr="718" mi="0" ci="5" mb="0" cb="0"/><line nr="719" mi="0" ci="4" mb="0" cb="2"/><line nr="720" mi="0" ci="3" mb="0" cb="0"/><line nr="721" mi="0" ci="2" mb="0" cb="0"/><line nr="723" mi="0" ci="3" mb="0" cb="0"/><line nr="725" mi="0" ci="4" mb="0" cb="2"/><line nr="726" mi="0" ci="3" mb="0" cb="0"/><line nr="727" mi="0" ci="5" mb="0" cb="0"/><line nr="728" mi="0" ci="4" mb="0" cb="2"/><line nr="729" mi="0" ci="3" mb="0" cb="0"/><line nr="730" mi="0" ci="2" mb="0" cb="0"/><line nr="732" mi="0" ci="3" mb="0" cb="0"/><line nr="734" mi="0" ci="4" mb="0" cb="2"/><line nr="735" mi="0" ci="3" mb="0" cb="0"/><line nr="736" mi="0" ci="5" mb="0" cb="0"/><line nr="737" mi="0" ci="4" mb="0" cb="2"/><line nr="738" mi="0" ci="3" mb="0" cb="0"/><line nr="739" mi="0" ci="2" mb="0" cb="0"/><line nr="742" mi="0" ci="3" mb="0" cb="0"/><line nr="743" mi="0" ci="2" mb="0" cb="0"/><line nr="747" mi="0" ci="3" mb="0" cb="0"/><line nr="748" mi="0" ci="2" mb="0" cb="0"/><line nr="749" mi="0" ci="3" mb="0" cb="2"/><line nr="750" mi="0" ci="2" mb="0" cb="0"/><line nr="753" mi="0" ci="8" mb="0" cb="2"/><line nr="754" mi="0" ci="3" mb="0" cb="0"/><line nr="755" mi="0" ci="4" mb="0" cb="0"/><line nr="757" mi="0" ci="4" mb="0" cb="2"/><line nr="758" mi="0" ci="8" mb="0" cb="2"/><line nr="759" mi="0" ci="3" mb="0" cb="0"/><line nr="760" mi="0" ci="4" mb="0" cb="0"/><line nr="763" mi="0" ci="4" mb="0" cb="2"/><line nr="764" mi="0" ci="3" mb="0" cb="0"/><line nr="765" mi="0" ci="5" mb="0" cb="0"/><line nr="766" mi="0" ci="4" mb="0" cb="2"/><line nr="767" mi="0" ci="4" mb="0" cb="0"/><line nr="768" mi="0" ci="3" mb="0" cb="0"/><line nr="771" mi="0" ci="3" mb="0" cb="0"/><line nr="773" mi="0" ci="4" mb="0" cb="2"/><line nr="774" mi="0" ci="3" mb="0" cb="0"/><line nr="775" mi="0" ci="5" mb="0" cb="0"/><line nr="776" mi="0" ci="4" mb="0" cb="2"/><line nr="777" mi="0" ci="4" mb="0" cb="0"/><line nr="778" mi="0" ci="3" mb="0" cb="0"/><line nr="780" mi="0" ci="3" mb="0" cb="0"/><line nr="782" mi="0" ci="4" mb="0" cb="2"/><line nr="783" mi="0" ci="3" mb="0" cb="0"/><line nr="784" mi="0" ci="5" mb="0" cb="0"/><line nr="785" mi="0" ci="4" mb="0" cb="2"/><line nr="786" mi="0" ci="4" mb="0" cb="0"/><line nr="787" mi="0" ci="3" mb="0" cb="0"/><line nr="790" mi="0" ci="3" mb="0" cb="0"/><line nr="791" mi="0" ci="2" mb="0" cb="2"/><line nr="792" mi="0" ci="2" mb="0" cb="0"/><line nr="794" mi="0" ci="2" mb="0" cb="0"/><line nr="799" mi="0" ci="4" mb="0" cb="0"/><line nr="800" mi="0" ci="3" mb="0" cb="0"/><line nr="801" mi="0" ci="3" mb="0" cb="2"/><line nr="802" mi="0" ci="2" mb="0" cb="0"/><line nr="804" mi="0" ci="4" mb="0" cb="2"/><line nr="805" mi="0" ci="6" mb="0" cb="0"/><line nr="806" mi="0" ci="7" mb="0" cb="0"/><line nr="809" mi="0" ci="6" mb="0" cb="0"/><line nr="811" mi="0" ci="4" mb="0" cb="2"/><line nr="812" mi="0" ci="5" mb="0" cb="0"/><line nr="813" mi="0" ci="5" mb="0" cb="0"/><line nr="814" mi="0" ci="3" mb="0" cb="0"/><line nr="816" mi="0" ci="4" mb="0" cb="2"/><line nr="817" mi="0" ci="5" mb="0" cb="0"/><line nr="818" mi="0" ci="5" mb="0" cb="0"/><line nr="819" mi="0" ci="3" mb="0" cb="0"/><line nr="822" mi="0" ci="4" mb="0" cb="2"/><line nr="823" mi="0" ci="5" mb="0" cb="0"/><line nr="824" mi="0" ci="5" mb="0" cb="0"/><line nr="825" mi="0" ci="3" mb="0" cb="0"/><line nr="827" mi="0" ci="2" mb="0" cb="0"/><counter type="INSTRUCTION" missed="1" covered="2054"/><counter type="BRANCH" missed="28" covered="234"/><counter type="LINE" missed="0" covered="451"/><counter type="COMPLEXITY" missed="28" covered="130"/><counter type="METHOD" missed="0" covered="27"/><counter type="CLASS" missed="0" covered="4"/></sourcefile><counter type="INSTRUCTION" missed="519" covered="2354"/><counter type="BRANCH" missed="91" covered="269"/><counter type="LINE" missed="140" covered="527"/><counter type="COMPLEXITY" missed="74" covered="155"/><counter type="METHOD" missed="9" covered="40"/><counter type="CLASS" missed="2" covered="6"/></package><counter type="INSTRUCTION" missed="519" covered="2354"/><counter type="BRANCH" missed="91" covered="269"/><counter type="LINE" missed="140" covered="527"/><counter type="COMPLEXITY" missed="74" covered="155"/><counter type="METHOD" missed="9" covered="40"/><counter type="CLASS" missed="2" covered="6"/></report>