<?xml version="1.0" encoding="UTF-8" ?>
<testsuite errors="0" failures="0" hostname="debian" name="Drevo23Test" skipped="0" tests="3" time="0.083" timestamp="2017-06-03T20:05:36">
  <properties>
[...]
</properties>
  <testcase classname="Drevo23Test" name="testSaveMultipleStudents" time="0.009" />
  <testcase classname="Drevo23Test" name="init23Tree" time="0.0" />
  <testcase classname="Drevo23Test" name="testRestore" time="0.006" />
  <system-out><![CDATA[]]></system-out>
  <system-err><![CDATA[]]></system-err>
</testsuite>
